Log file open, 02/25/20 17:39:16
LogWindows: Failed to load 'aqProf.dll' (GetLastError=126)
LogWindows: File 'aqProf.dll' does not exist
LogWindows: Failed to load 'VtuneApi.dll' (GetLastError=126)
LogWindows: File 'VtuneApi.dll' does not exist
LogWindows: Failed to load 'VtuneApi32e.dll' (GetLastError=126)
LogWindows: File 'VtuneApi32e.dll' does not exist
LogConsoleResponse: Display: Failed to find resolution value strings in scalability ini. Falling back to default.
LogInit: Display: Running engine for game: DieAgain
LogPlatformFile: Not using cached read wrapper
LogTaskGraph: Started task graph with 5 named threads and 23 total threads with 3 sets of task threads.
LogStats: Stats thread started at 0.733998
LogD3D11RHI: Loaded GFSDK_Aftermath_Lib.x64.dll
LogICUInternationalization: ICU TimeZone Detection - Raw Offset: +1:00, Platform Override: ''
LogPluginManager: Mounting plugin Paper2D
LogPluginManager: Mounting plugin AISupport
LogPluginManager: Mounting plugin LightPropagationVolume
LogPluginManager: Mounting plugin ActorLayerUtilities
LogPluginManager: Mounting plugin AnimationSharing
LogPluginManager: Mounting plugin CLionSourceCodeAccess
LogPluginManager: Mounting plugin CodeLiteSourceCodeAccess
LogPluginManager: Mounting plugin GitSourceControl
LogPluginManager: Mounting plugin KDevelopSourceCodeAccess
LogPluginManager: Mounting plugin NullSourceCodeAccess
LogPluginManager: Mounting plugin PerforceSourceControl
LogPluginManager: Mounting plugin SubversionSourceControl
LogPluginManager: Mounting plugin UObjectPlugin
LogPluginManager: Mounting plugin VisualStudioCodeSourceCodeAccess
LogPluginManager: Mounting plugin VisualStudioSourceCodeAccess
LogPluginManager: Mounting plugin XCodeSourceCodeAccess
LogPluginManager: Mounting plugin AssetManagerEditor
LogPluginManager: Mounting plugin CryptoKeys
LogPluginManager: Mounting plugin CurveEditorTools
LogPluginManager: Mounting plugin DataValidation
LogPluginManager: Mounting plugin FacialAnimation
LogPluginManager: Mounting plugin GameplayTagsEditor
LogPluginManager: Mounting plugin MacGraphicsSwitching
LogPluginManager: Mounting plugin MaterialAnalyzer
LogPluginManager: Mounting plugin MobileLauncherProfileWizard
LogPluginManager: Mounting plugin PluginBrowser
LogPluginManager: Mounting plugin SpeedTreeImporter
LogPluginManager: Mounting plugin DatasmithContent
LogPluginManager: Mounting plugin VariantManagerContent
LogPluginManager: Mounting plugin AlembicImporter
LogPluginManager: Mounting plugin AutomationUtils
LogPluginManager: Mounting plugin BackChannel
LogPluginManager: Mounting plugin CharacterAI
LogPluginManager: Mounting plugin GeometryCache
LogPluginManager: Mounting plugin HTML5Networking
LogPluginManager: Mounting plugin PlatformCrypto
LogPluginManager: Mounting plugin ProxyLODPlugin
LogPluginManager: Mounting plugin SkeletalReduction
LogPluginManager: Mounting plugin FMODStudio
LogPluginManager: Mounting plugin MagicLeap
LogPluginManager: Mounting plugin MagicLeapMedia
LogPluginManager: Mounting plugin DialoguePlugin
LogPluginManager: Mounting plugin AndroidMedia
LogPluginManager: Mounting plugin AvfMedia
LogPluginManager: Mounting plugin ImgMedia
LogPluginManager: Mounting plugin MediaCompositing
LogPluginManager: Mounting plugin MediaPlayerEditor
LogPluginManager: Mounting plugin WebMMedia
LogPluginManager: Mounting plugin WmfMedia
LogPluginManager: Mounting plugin TcpMessaging
LogPluginManager: Mounting plugin UdpMessaging
LogPluginManager: Mounting plugin ActorSequence
LogPluginManager: Mounting plugin LevelSequenceEditor
LogPluginManager: Mounting plugin MatineeToLevelSequence
LogPluginManager: Mounting plugin NetcodeUnitTest
LogPluginManager: Mounting plugin NUTUnrealEngine4
LogPluginManager: Mounting plugin OnlineSubsystemGooglePlay
LogPluginManager: Mounting plugin OnlineSubsystemIOS
LogPluginManager: Mounting plugin OnlineSubsystem
LogPluginManager: Mounting plugin OnlineSubsystemNull
LogPluginManager: Mounting plugin OnlineSubsystemUtils
LogPluginManager: Mounting plugin LauncherChunkInstaller
LogPluginManager: Mounting plugin AndroidDeviceProfileSelector
LogPluginManager: Mounting plugin AndroidMoviePlayer
LogPluginManager: Mounting plugin AndroidPermission
LogPluginManager: Mounting plugin ApexDestruction
LogPluginManager: Mounting plugin AppleImageUtils
LogPluginManager: Mounting plugin AppleMoviePlayer
LogPluginManager: Mounting plugin ArchVisCharacter
LogPluginManager: Mounting plugin AudioCapture
LogPluginManager: Mounting plugin CableComponent
LogPluginManager: Mounting plugin CustomMeshComponent
LogPluginManager: Mounting plugin EditableMesh
LogPluginManager: Mounting plugin ExampleDeviceProfileSelector
LogPluginManager: Mounting plugin GoogleCloudMessaging
LogPluginManager: Mounting plugin IOSDeviceProfileSelector
LogPluginManager: Mounting plugin LinuxDeviceProfileSelector
LogPluginManager: Mounting plugin LocationServicesBPLibrary
LogPluginManager: Mounting plugin MobilePatchingUtils
LogPluginManager: Mounting plugin OculusVR
LogPluginManager: Mounting plugin PhysXVehicles
LogPluginManager: Mounting plugin ProceduralMeshComponent
LogPluginManager: Mounting plugin RuntimePhysXCooking
LogPluginManager: Mounting plugin SignificanceManager
LogPluginManager: Mounting plugin SteamVR
LogPluginManager: Mounting plugin WebMMoviePlayer
LogPluginManager: Mounting plugin WindowsMoviePlayer
LogPluginManager: Mounting plugin ScreenshotTools
LogInit: Using libcurl 7.55.1-DEV
LogInit:  - built for x86_64-pc-win32
LogInit:  - supports SSL with OpenSSL/1.1.1
LogInit:  - supports HTTP deflate (compression) using libz 1.2.8
LogInit:  - other features:
LogInit:      CURL_VERSION_SSL
LogInit:      CURL_VERSION_LIBZ
LogInit:      CURL_VERSION_IPV6
LogInit:      CURL_VERSION_ASYNCHDNS
LogInit:      CURL_VERSION_LARGEFILE
LogInit:      CURL_VERSION_IDN
LogInit:  CurlRequestOptions (configurable via config and command line):
LogInit:  - bVerifyPeer = true  - Libcurl will verify peer certificate
LogInit:  - bUseHttpProxy = false  - Libcurl will NOT use HTTP proxy
LogInit:  - bDontReuseConnections = false  - Libcurl will reuse connections
LogInit:  - MaxHostConnections = 16  - Libcurl will limit the number of connections to a host
LogInit:  - LocalHostAddr = Default
LogInit:  - BufferSize = 65536
LogOnline: OSS: Creating online subsystem instance for: NULL
LogInit: WinSock: version 1.1 (2.2), MaxSocks=32767, MaxUdp=65467
LogInit: Build: ++UE4+Release-4.23-CL-9631420
LogInit: Engine Version: 4.23.1-9631420+++UE4+Release-4.23
LogInit: Compatible Engine Version: 4.23.0-8386587+++UE4+Release-4.23
LogInit: Net CL: 8386587
LogInit: OS: Windows 7 (Service Pack 1), CPU:         Intel(R) Core(TM) i7-3770 CPU @ 3.40GHz, GPU: NVIDIA GeForce GTX 1050 Ti
LogInit: Compiled (64-bit): Oct 18 2019 02:07:44
LogInit: Compiled with Visual C++: 19.16.27030.01
LogInit: Build Configuration: Development
LogInit: Branch Name: ++UE4+Release-4.23
LogInit: Command Line: 
LogInit: Base Directory: E:/UE_4.23/Engine/Binaries/Win64/
LogInit: Installed Engine Build: 1
LogDevObjectVersion: Number of dev versions registered: 23
LogDevObjectVersion:   Dev-Blueprints (B0D832E4-1F89-4F0D-ACCF-7EB736FD4AA2): 10
LogDevObjectVersion:   Dev-Build (E1C64328-A22C-4D53-A36C-8E866417BD8C): 0
LogDevObjectVersion:   Dev-Core (375EC13C-06E4-48FB-B500-84F0262A717E): 3
LogDevObjectVersion:   Dev-Editor (E4B068ED-F494-42E9-A231-DA0B2E46BB41): 34
LogDevObjectVersion:   Dev-Framework (CFFC743F-43B0-4480-9391-14DF171D2073): 35
LogDevObjectVersion:   Dev-Mobile (B02B49B5-BB20-44E9-A304-32B752E40360): 2
LogDevObjectVersion:   Dev-Networking (A4E4105C-59A1-49B5-A7C5-40C4547EDFEE): 0
LogDevObjectVersion:   Dev-Online (39C831C9-5AE6-47DC-9A44-9C173E1C8E7C): 0
LogDevObjectVersion:   Dev-Physics (78F01B33-EBEA-4F98-B9B4-84EACCB95AA2): 0
LogDevObjectVersion:   Dev-Platform (6631380F-2D4D-43E0-8009-CF276956A95A): 0
LogDevObjectVersion:   Dev-Rendering (12F88B9F-8875-4AFC-A67C-D90C383ABD29): 31
LogDevObjectVersion:   Dev-Sequencer (7B5AE74C-D270-4C10-A958-57980B212A5A): 11
LogDevObjectVersion:   Dev-VR (D7296918-1DD6-4BDD-9DE2-64A83CC13884): 2
LogDevObjectVersion:   Dev-LoadTimes (C2A15278-BFE7-4AFE-6C17-90FF531DF755): 1
LogDevObjectVersion:   Private-Geometry (6EACA3D4-40EC-4CC1-B786-8BED09428FC5): 3
LogDevObjectVersion:   Dev-AnimPhys (29E575DD-E0A3-4627-9D10-D276232CDCEA): 17
LogDevObjectVersion:   Dev-Anim (AF43A65D-7FD3-4947-9873-3E8ED9C1BB05): 2
LogDevObjectVersion:   Dev-ReflectionCapture (6B266CEC-1EC7-4B8F-A30B-E4D90942FC07): 1
LogDevObjectVersion:   Dev-Automation (0DF73D61-A23F-47EA-B727-89E90C41499A): 1
LogDevObjectVersion:   FortniteMain (601D1886-AC64-4F84-AA16-D3DE0DEAC7D6): 27
LogDevObjectVersion:   Dev-Enterprise (9DFFBCD6-494F-0158-E221-12823C92A888): 6
LogDevObjectVersion:   Dev-Niagara (F2AED0AC-9AFE-416F-8664-AA7FFA26D6FC): 1
LogDevObjectVersion:   Dev-Destruction (174F1F0B-B4C6-45A5-B13F-2EE8D0FB917D): 9
LogInit: Presizing for max 16777216 objects, including 0 objects not considered by GC, pre-allocating 0 bytes for permanent pool.
LogInit: Object subsystem initialized
LogConfig: Setting CVar [[con.DebugEarlyDefault:1]]
LogConfig: Setting CVar [[r.setres:1280x720]]
[2020.02.25-16.39.16:959][  0]LogConfig: Setting CVar [[r.VSync:0]]
[2020.02.25-16.39.16:959][  0]LogConfig: Setting CVar [[r.RHICmdBypass:0]]
[2020.02.25-16.39.16:959][  0]LogConfig: Applying CVar settings from Section [/Script/Engine.RendererSettings] File [E:/DieAgainProjects/DieAgain GitHub/DieAgain/DieAgain 4.23/Saved/Config/Windows/Engine.ini]
[2020.02.25-16.39.16:959][  0]LogConfig: Setting CVar [[r.GPUCrashDebugging:0]]
[2020.02.25-16.39.16:959][  0]LogConfig: Applying CVar settings from Section [/Script/Engine.RendererOverrideSettings] File [E:/DieAgainProjects/DieAgain GitHub/DieAgain/DieAgain 4.23/Saved/Config/Windows/Engine.ini]
[2020.02.25-16.39.16:959][  0]LogConfig: Applying CVar settings from Section [/Script/Engine.StreamingSettings] File [E:/DieAgainProjects/DieAgain GitHub/DieAgain/DieAgain 4.23/Saved/Config/Windows/Engine.ini]
[2020.02.25-16.39.16:959][  0]LogConfig: Setting CVar [[s.MinBulkDataSizeForAsyncLoading:131072]]
[2020.02.25-16.39.16:959][  0]LogConfig: Setting CVar [[s.AsyncLoadingThreadEnabled:0]]
[2020.02.25-16.39.16:959][  0]LogConfig: Setting CVar [[s.EventDrivenLoaderEnabled:1]]
[2020.02.25-16.39.16:959][  0]LogConfig: Setting CVar [[s.WarnIfTimeLimitExceeded:0]]
[2020.02.25-16.39.16:959][  0]LogConfig: Setting CVar [[s.TimeLimitExceededMultiplier:1.5]]
[2020.02.25-16.39.16:959][  0]LogConfig: Setting CVar [[s.TimeLimitExceededMinTime:0.005]]
[2020.02.25-16.39.16:959][  0]LogConfig: Setting CVar [[s.UseBackgroundLevelStreaming:1]]
[2020.02.25-16.39.16:959][  0]LogConfig: Setting CVar [[s.PriorityAsyncLoadingExtraTime:15.0]]
[2020.02.25-16.39.16:959][  0]LogConfig: Setting CVar [[s.LevelStreamingActorsUpdateTimeLimit:5.0]]
[2020.02.25-16.39.16:959][  0]LogConfig: Setting CVar [[s.PriorityLevelStreamingActorsUpdateExtraTime:5.0]]
[2020.02.25-16.39.16:959][  0]LogConfig: Setting CVar [[s.LevelStreamingComponentsRegistrationGranularity:10]]
[2020.02.25-16.39.16:959][  0]LogConfig: Setting CVar [[s.UnregisterComponentsTimeLimit:1.0]]
[2020.02.25-16.39.16:959][  0]LogConfig: Setting CVar [[s.LevelStreamingComponentsUnregistrationGranularity:5]]
[2020.02.25-16.39.16:960][  0]LogConfig: Applying CVar settings from Section [/Script/Engine.GarbageCollectionSettings] File [E:/DieAgainProjects/DieAgain GitHub/DieAgain/DieAgain 4.23/Saved/Config/Windows/Engine.ini]
[2020.02.25-16.39.16:960][  0]LogConfig: Setting CVar [[gc.MaxObjectsNotConsideredByGC:1]]
[2020.02.25-16.39.16:960][  0]LogConfig: Setting CVar [[gc.SizeOfPermanentObjectPool:0]]
[2020.02.25-16.39.16:960][  0]LogConfig: Setting CVar [[gc.FlushStreamingOnGC:0]]
[2020.02.25-16.39.16:960][  0]LogConfig: Setting CVar [[gc.NumRetriesBeforeForcingGC:10]]
[2020.02.25-16.39.16:960][  0]LogConfig: Setting CVar [[gc.AllowParallelGC:1]]
[2020.02.25-16.39.16:960][  0]LogConfig: Setting CVar [[gc.TimeBetweenPurgingPendingKillObjects:61.1]]
[2020.02.25-16.39.16:960][  0]LogConfig: Setting CVar [[gc.MaxObjectsInEditor:16777216]]
[2020.02.25-16.39.16:960][  0]LogConfig: Setting CVar [[gc.IncrementalBeginDestroyEnabled:1]]
[2020.02.25-16.39.16:960][  0]LogConfig: Setting CVar [[gc.CreateGCClusters:1]]
[2020.02.25-16.39.16:960][  0]LogConfig: Setting CVar [[gc.MinGCClusterSize:5]]
[2020.02.25-16.39.16:960][  0]LogConfig: Setting CVar [[gc.ActorClusteringEnabled:0]]
[2020.02.25-16.39.16:960][  0]LogConfig: Setting CVar [[gc.BlueprintClusteringEnabled:0]]
[2020.02.25-16.39.16:960][  0]LogConfig: Setting CVar [[gc.UseDisregardForGCOnDedicatedServers:0]]
[2020.02.25-16.39.16:960][  0]LogConfig: Applying CVar settings from Section [/Script/Engine.NetworkSettings] File [E:/DieAgainProjects/DieAgain GitHub/DieAgain/DieAgain 4.23/Saved/Config/Windows/Engine.ini]
[2020.02.25-16.39.16:960][  0]LogConfig: Applying CVar settings from Section [/Script/UnrealEd.CookerSettings] File [E:/DieAgainProjects/DieAgain GitHub/DieAgain/DieAgain 4.23/Saved/Config/Windows/Engine.ini]
[2020.02.25-16.39.16:963][  0]LogConfig: Applying CVar settings from Section [ViewDistanceQuality@3] File [E:/DieAgainProjects/DieAgain GitHub/DieAgain/DieAgain 4.23/Saved/Config/Windows/Scalability.ini]
[2020.02.25-16.39.16:963][  0]LogConfig: Setting CVar [[r.SkeletalMeshLODBias:0]]
[2020.02.25-16.39.16:963][  0]LogConfig: Setting CVar [[r.ViewDistanceScale:1.0]]
[2020.02.25-16.39.16:963][  0]LogConfig: Applying CVar settings from Section [AntiAliasingQuality@3] File [E:/DieAgainProjects/DieAgain GitHub/DieAgain/DieAgain 4.23/Saved/Config/Windows/Scalability.ini]
[2020.02.25-16.39.16:963][  0]LogConfig: Setting CVar [[r.PostProcessAAQuality:4]]
[2020.02.25-16.39.16:963][  0]LogConfig: Applying CVar settings from Section [ShadowQuality@3] File [E:/DieAgainProjects/DieAgain GitHub/DieAgain/DieAgain 4.23/Saved/Config/Windows/Scalability.ini]
[2020.02.25-16.39.16:963][  0]LogConfig: Setting CVar [[r.LightFunctionQuality:1]]
[2020.02.25-16.39.16:963][  0]LogConfig: Setting CVar [[r.ShadowQuality:5]]
[2020.02.25-16.39.16:963][  0]LogConfig: Setting CVar [[r.Shadow.CSM.MaxCascades:10]]
[2020.02.25-16.39.16:963][  0]LogConfig: Setting CVar [[r.Shadow.MaxResolution:2048]]
[2020.02.25-16.39.16:963][  0]LogConfig: Setting CVar [[r.Shadow.MaxCSMResolution:2048]]
[2020.02.25-16.39.16:963][  0]LogConfig: Setting CVar [[r.Shadow.RadiusThreshold:0.01]]
[2020.02.25-16.39.16:963][  0]LogConfig: Setting CVar [[r.Shadow.DistanceScale:1.0]]
[2020.02.25-16.39.16:963][  0]LogConfig: Setting CVar [[r.Shadow.CSM.TransitionScale:1.0]]
[2020.02.25-16.39.16:963][  0]LogConfig: Setting CVar [[r.Shadow.PreShadowResolutionFactor:1.0]]
[2020.02.25-16.39.16:963][  0]LogConfig: Setting CVar [[r.DistanceFieldShadowing:1]]
[2020.02.25-16.39.16:963][  0]LogConfig: Setting CVar [[r.DistanceFieldAO:1]]
[2020.02.25-16.39.16:963][  0]LogConfig: Setting CVar [[r.AOQuality:2]]
[2020.02.25-16.39.16:963][  0]LogConfig: Setting CVar [[r.VolumetricFog:1]]
[2020.02.25-16.39.16:963][  0]LogConfig: Setting CVar [[r.VolumetricFog.GridPixelSize:8]]
[2020.02.25-16.39.16:963][  0]LogConfig: Setting CVar [[r.VolumetricFog.GridSizeZ:128]]
[2020.02.25-16.39.16:963][  0]LogConfig: Setting CVar [[r.VolumetricFog.HistoryMissSupersampleCount:4]]
[2020.02.25-16.39.16:963][  0]LogConfig: Setting CVar [[r.LightMaxDrawDistanceScale:1]]
[2020.02.25-16.39.16:963][  0]LogConfig: Setting CVar [[r.CapsuleShadows:1]]
[2020.02.25-16.39.16:963][  0]LogConfig: Applying CVar settings from Section [PostProcessQuality@3] File [E:/DieAgainProjects/DieAgain GitHub/DieAgain/DieAgain 4.23/Saved/Config/Windows/Scalability.ini]
[2020.02.25-16.39.16:963][  0]LogConfig: Setting CVar [[r.MotionBlurQuality:4]]
[2020.02.25-16.39.16:963][  0]LogConfig: Setting CVar [[r.AmbientOcclusionMipLevelFactor:0.4]]
[2020.02.25-16.39.16:963][  0]LogConfig: Setting CVar [[r.AmbientOcclusionMaxQuality:100]]
[2020.02.25-16.39.16:963][  0]LogConfig: Setting CVar [[r.AmbientOcclusionLevels:-1]]
[2020.02.25-16.39.16:963][  0]LogConfig: Setting CVar [[r.AmbientOcclusionRadiusScale:1.0]]
[2020.02.25-16.39.16:963][  0]LogConfig: Setting CVar [[r.DepthOfFieldQuality:2]]
[2020.02.25-16.39.16:963][  0]LogConfig: Setting CVar [[r.RenderTargetPoolMin:400]]
[2020.02.25-16.39.16:963][  0]LogConfig: Setting CVar [[r.LensFlareQuality:2]]
[2020.02.25-16.39.16:963][  0]LogConfig: Setting CVar [[r.SceneColorFringeQuality:1]]
[2020.02.25-16.39.16:963][  0]LogConfig: Setting CVar [[r.EyeAdaptationQuality:2]]
[2020.02.25-16.39.16:963][  0]LogConfig: Setting CVar [[r.BloomQuality:5]]
[2020.02.25-16.39.16:963][  0]LogConfig: Setting CVar [[r.FastBlurThreshold:100]]
[2020.02.25-16.39.16:963][  0]LogConfig: Setting CVar [[r.Upscale.Quality:3]]
[2020.02.25-16.39.16:963][  0]LogConfig: Setting CVar [[r.Tonemapper.GrainQuantization:1]]
[2020.02.25-16.39.16:963][  0]LogConfig: Setting CVar [[r.LightShaftQuality:1]]
[2020.02.25-16.39.16:963][  0]LogConfig: Setting CVar [[r.Filter.SizeScale:1]]
[2020.02.25-16.39.16:963][  0]LogConfig: Setting CVar [[r.Tonemapper.Quality:5]]
[2020.02.25-16.39.16:963][  0]LogConfig: Setting CVar [[r.DOF.Gather.AccumulatorQuality:1        ; higher gathering accumulator quality]]
[2020.02.25-16.39.16:963][  0]LogConfig: Setting CVar [[r.DOF.Gather.PostfilterMethod:1          ; Median3x3 postfilering method]]
[2020.02.25-16.39.16:963][  0]LogConfig: Setting CVar [[r.DOF.Gather.EnableBokehSettings:0       ; no bokeh simulation when gathering]]
[2020.02.25-16.39.16:963][  0]LogConfig: Setting CVar [[r.DOF.Gather.RingCount:4                 ; medium number of samples when gathering]]
[2020.02.25-16.39.16:963][  0]LogConfig: Setting CVar [[r.DOF.Scatter.ForegroundCompositing:1    ; additive foreground scattering]]
[2020.02.25-16.39.16:963][  0]LogConfig: Setting CVar [[r.DOF.Scatter.BackgroundCompositing:2    ; additive background scattering]]
[2020.02.25-16.39.16:963][  0]LogConfig: Setting CVar [[r.DOF.Scatter.EnableBokehSettings:1      ; bokeh simulation when scattering]]
[2020.02.25-16.39.16:963][  0]LogConfig: Setting CVar [[r.DOF.Scatter.MaxSpriteRatio:0.1         ; only a maximum of 10% of scattered bokeh]]
[2020.02.25-16.39.16:963][  0]LogConfig: Setting CVar [[r.DOF.Recombine.Quality:1                ; cheap slight out of focus]]
[2020.02.25-16.39.16:964][  0]LogConfig: Setting CVar [[r.DOF.Recombine.EnableBokehSettings:0    ; no bokeh simulation on slight out of focus]]
[2020.02.25-16.39.16:964][  0]LogConfig: Setting CVar [[r.DOF.TemporalAAQuality:1                ; more stable temporal accumulation]]
[2020.02.25-16.39.16:964][  0]LogConfig: Setting CVar [[r.DOF.Kernel.MaxForegroundRadius:0.025]]
[2020.02.25-16.39.16:964][  0]LogConfig: Setting CVar [[r.DOF.Kernel.MaxBackgroundRadius:0.025]]
[2020.02.25-16.39.16:964][  0]LogConfig: Applying CVar settings from Section [TextureQuality@3] File [E:/DieAgainProjects/DieAgain GitHub/DieAgain/DieAgain 4.23/Saved/Config/Windows/Scalability.ini]
[2020.02.25-16.39.16:964][  0]LogConfig: Setting CVar [[r.Streaming.MipBias:0]]
[2020.02.25-16.39.16:964][  0]LogConfig: Setting CVar [[r.Streaming.AmortizeCPUToGPUCopy:0]]
[2020.02.25-16.39.16:964][  0]LogConfig: Setting CVar [[r.Streaming.MaxNumTexturesToStreamPerFrame:0]]
[2020.02.25-16.39.16:964][  0]LogConfig: Setting CVar [[r.Streaming.Boost:1]]
[2020.02.25-16.39.16:964][  0]LogConfig: Setting CVar [[r.MaxAnisotropy:8]]
[2020.02.25-16.39.16:964][  0]LogConfig: Setting CVar [[r.Streaming.LimitPoolSizeToVRAM:0]]
[2020.02.25-16.39.16:964][  0]LogConfig: Setting CVar [[r.Streaming.PoolSize:1000]]
[2020.02.25-16.39.16:964][  0]LogConfig: Setting CVar [[r.Streaming.MaxEffectiveScreenSize:0]]
[2020.02.25-16.39.16:964][  0]LogConfig: Applying CVar settings from Section [EffectsQuality@3] File [E:/DieAgainProjects/DieAgain GitHub/DieAgain/DieAgain 4.23/Saved/Config/Windows/Scalability.ini]
[2020.02.25-16.39.16:964][  0]LogConfig: Setting CVar [[r.TranslucencyLightingVolumeDim:64]]
[2020.02.25-16.39.16:964][  0]LogConfig: Setting CVar [[r.RefractionQuality:2]]
[2020.02.25-16.39.16:964][  0]LogConfig: Setting CVar [[r.SSR.Quality:3]]
[2020.02.25-16.39.16:964][  0]LogConfig: Setting CVar [[r.SceneColorFormat:4]]
[2020.02.25-16.39.16:964][  0]LogConfig: Setting CVar [[r.DetailMode:2]]
[2020.02.25-16.39.16:964][  0]LogConfig: Setting CVar [[r.TranslucencyVolumeBlur:1]]
[2020.02.25-16.39.16:964][  0]LogConfig: Setting CVar [[r.MaterialQualityLevel:1 ; High quality]]
[2020.02.25-16.39.16:964][  0]LogConfig: Setting CVar [[r.SSS.Scale:1]]
[2020.02.25-16.39.16:964][  0]LogConfig: Setting CVar [[r.SSS.SampleSet:2]]
[2020.02.25-16.39.16:964][  0]LogConfig: Setting CVar [[r.SSS.Quality:1]]
[2020.02.25-16.39.16:964][  0]LogConfig: Setting CVar [[r.SSS.HalfRes:1]]
[2020.02.25-16.39.16:964][  0]LogConfig: Setting CVar [[r.EmitterSpawnRateScale:1.0]]
[2020.02.25-16.39.16:964][  0]LogConfig: Setting CVar [[r.ParticleLightQuality:2]]
[2020.02.25-16.39.16:964][  0]LogConfig: Applying CVar settings from Section [FoliageQuality@3] File [E:/DieAgainProjects/DieAgain GitHub/DieAgain/DieAgain 4.23/Saved/Config/Windows/Scalability.ini]
[2020.02.25-16.39.16:964][  0]LogConfig: Setting CVar [[foliage.DensityScale:1.0]]
[2020.02.25-16.39.16:964][  0]LogConfig: Setting CVar [[grass.DensityScale:1.0]]
[2020.02.25-16.39.16:964][  0]LogInit: Selected Device Profile: [Windows]
[2020.02.25-16.39.16:964][  0]LogInit: Applying CVar settings loaded from the selected device profile: [Windows]
[2020.02.25-16.39.17:003][  0]LogHAL: Display: Platform has ~ 8 GB [8548724736 / 8589934592 / 8], which maps to Default [LargestMinGB=32, LargerMinGB=12, DefaultMinGB=8, SmallerMinGB=6, SmallestMinGB=0)
[2020.02.25-16.39.17:003][  0]LogInit: Going up to parent DeviceProfile []
[2020.02.25-16.39.17:003][  0]LogConfig: Applying CVar settings from Section [ViewDistanceQuality@3] File [E:/DieAgainProjects/DieAgain GitHub/DieAgain/DieAgain 4.23/Saved/Config/Windows/Scalability.ini]
[2020.02.25-16.39.17:003][  0]LogConfig: Setting CVar [[r.SkeletalMeshLODBias:0]]
[2020.02.25-16.39.17:003][  0]LogConfig: Setting CVar [[r.ViewDistanceScale:1.0]]
[2020.02.25-16.39.17:003][  0]LogConfig: Applying CVar settings from Section [AntiAliasingQuality@3] File [E:/DieAgainProjects/DieAgain GitHub/DieAgain/DieAgain 4.23/Saved/Config/Windows/Scalability.ini]
[2020.02.25-16.39.17:003][  0]LogConfig: Setting CVar [[r.PostProcessAAQuality:4]]
[2020.02.25-16.39.17:003][  0]LogConfig: Applying CVar settings from Section [ShadowQuality@3] File [E:/DieAgainProjects/DieAgain GitHub/DieAgain/DieAgain 4.23/Saved/Config/Windows/Scalability.ini]
[2020.02.25-16.39.17:003][  0]LogConfig: Setting CVar [[r.LightFunctionQuality:1]]
[2020.02.25-16.39.17:003][  0]LogConfig: Setting CVar [[r.ShadowQuality:5]]
[2020.02.25-16.39.17:003][  0]LogConfig: Setting CVar [[r.Shadow.CSM.MaxCascades:10]]
[2020.02.25-16.39.17:003][  0]LogConfig: Setting CVar [[r.Shadow.MaxResolution:2048]]
[2020.02.25-16.39.17:003][  0]LogConfig: Setting CVar [[r.Shadow.MaxCSMResolution:2048]]
[2020.02.25-16.39.17:003][  0]LogConfig: Setting CVar [[r.Shadow.RadiusThreshold:0.01]]
[2020.02.25-16.39.17:003][  0]LogConfig: Setting CVar [[r.Shadow.DistanceScale:1.0]]
[2020.02.25-16.39.17:003][  0]LogConfig: Setting CVar [[r.Shadow.CSM.TransitionScale:1.0]]
[2020.02.25-16.39.17:003][  0]LogConfig: Setting CVar [[r.Shadow.PreShadowResolutionFactor:1.0]]
[2020.02.25-16.39.17:003][  0]LogConfig: Setting CVar [[r.DistanceFieldShadowing:1]]
[2020.02.25-16.39.17:003][  0]LogConfig: Setting CVar [[r.DistanceFieldAO:1]]
[2020.02.25-16.39.17:003][  0]LogConfig: Setting CVar [[r.AOQuality:2]]
[2020.02.25-16.39.17:003][  0]LogConfig: Setting CVar [[r.VolumetricFog:1]]
[2020.02.25-16.39.17:003][  0]LogConfig: Setting CVar [[r.VolumetricFog.GridPixelSize:8]]
[2020.02.25-16.39.17:003][  0]LogConfig: Setting CVar [[r.VolumetricFog.GridSizeZ:128]]
[2020.02.25-16.39.17:003][  0]LogConfig: Setting CVar [[r.VolumetricFog.HistoryMissSupersampleCount:4]]
[2020.02.25-16.39.17:003][  0]LogConfig: Setting CVar [[r.LightMaxDrawDistanceScale:1]]
[2020.02.25-16.39.17:003][  0]LogConfig: Setting CVar [[r.CapsuleShadows:1]]
[2020.02.25-16.39.17:003][  0]LogConfig: Applying CVar settings from Section [PostProcessQuality@3] File [E:/DieAgainProjects/DieAgain GitHub/DieAgain/DieAgain 4.23/Saved/Config/Windows/Scalability.ini]
[2020.02.25-16.39.17:003][  0]LogConfig: Setting CVar [[r.MotionBlurQuality:4]]
[2020.02.25-16.39.17:003][  0]LogConfig: Setting CVar [[r.AmbientOcclusionMipLevelFactor:0.4]]
[2020.02.25-16.39.17:003][  0]LogConfig: Setting CVar [[r.AmbientOcclusionMaxQuality:100]]
[2020.02.25-16.39.17:003][  0]LogConfig: Setting CVar [[r.AmbientOcclusionLevels:-1]]
[2020.02.25-16.39.17:003][  0]LogConfig: Setting CVar [[r.AmbientOcclusionRadiusScale:1.0]]
[2020.02.25-16.39.17:003][  0]LogConfig: Setting CVar [[r.DepthOfFieldQuality:2]]
[2020.02.25-16.39.17:003][  0]LogConfig: Setting CVar [[r.RenderTargetPoolMin:400]]
[2020.02.25-16.39.17:003][  0]LogConfig: Setting CVar [[r.LensFlareQuality:2]]
[2020.02.25-16.39.17:003][  0]LogConfig: Setting CVar [[r.SceneColorFringeQuality:1]]
[2020.02.25-16.39.17:003][  0]LogConfig: Setting CVar [[r.EyeAdaptationQuality:2]]
[2020.02.25-16.39.17:003][  0]LogConfig: Setting CVar [[r.BloomQuality:5]]
[2020.02.25-16.39.17:003][  0]LogConfig: Setting CVar [[r.FastBlurThreshold:100]]
[2020.02.25-16.39.17:003][  0]LogConfig: Setting CVar [[r.Upscale.Quality:3]]
[2020.02.25-16.39.17:003][  0]LogConfig: Setting CVar [[r.Tonemapper.GrainQuantization:1]]
[2020.02.25-16.39.17:003][  0]LogConfig: Setting CVar [[r.LightShaftQuality:1]]
[2020.02.25-16.39.17:003][  0]LogConfig: Setting CVar [[r.Filter.SizeScale:1]]
[2020.02.25-16.39.17:003][  0]LogConfig: Setting CVar [[r.Tonemapper.Quality:5]]
[2020.02.25-16.39.17:003][  0]LogConfig: Setting CVar [[r.DOF.Gather.AccumulatorQuality:1        ; higher gathering accumulator quality]]
[2020.02.25-16.39.17:003][  0]LogConfig: Setting CVar [[r.DOF.Gather.PostfilterMethod:1          ; Median3x3 postfilering method]]
[2020.02.25-16.39.17:003][  0]LogConfig: Setting CVar [[r.DOF.Gather.EnableBokehSettings:0       ; no bokeh simulation when gathering]]
[2020.02.25-16.39.17:003][  0]LogConfig: Setting CVar [[r.DOF.Gather.RingCount:4                 ; medium number of samples when gathering]]
[2020.02.25-16.39.17:003][  0]LogConfig: Setting CVar [[r.DOF.Scatter.ForegroundCompositing:1    ; additive foreground scattering]]
[2020.02.25-16.39.17:004][  0]LogConfig: Setting CVar [[r.DOF.Scatter.BackgroundCompositing:2    ; additive background scattering]]
[2020.02.25-16.39.17:004][  0]LogConfig: Setting CVar [[r.DOF.Scatter.EnableBokehSettings:1      ; bokeh simulation when scattering]]
[2020.02.25-16.39.17:004][  0]LogConfig: Setting CVar [[r.DOF.Scatter.MaxSpriteRatio:0.1         ; only a maximum of 10% of scattered bokeh]]
[2020.02.25-16.39.17:004][  0]LogConfig: Setting CVar [[r.DOF.Recombine.Quality:1                ; cheap slight out of focus]]
[2020.02.25-16.39.17:004][  0]LogConfig: Setting CVar [[r.DOF.Recombine.EnableBokehSettings:0    ; no bokeh simulation on slight out of focus]]
[2020.02.25-16.39.17:004][  0]LogConfig: Setting CVar [[r.DOF.TemporalAAQuality:1                ; more stable temporal accumulation]]
[2020.02.25-16.39.17:004][  0]LogConfig: Setting CVar [[r.DOF.Kernel.MaxForegroundRadius:0.025]]
[2020.02.25-16.39.17:004][  0]LogConfig: Setting CVar [[r.DOF.Kernel.MaxBackgroundRadius:0.025]]
[2020.02.25-16.39.17:004][  0]LogConfig: Applying CVar settings from Section [TextureQuality@3] File [E:/DieAgainProjects/DieAgain GitHub/DieAgain/DieAgain 4.23/Saved/Config/Windows/Scalability.ini]
[2020.02.25-16.39.17:004][  0]LogConfig: Setting CVar [[r.Streaming.MipBias:0]]
[2020.02.25-16.39.17:004][  0]LogConfig: Setting CVar [[r.Streaming.AmortizeCPUToGPUCopy:0]]
[2020.02.25-16.39.17:004][  0]LogConfig: Setting CVar [[r.Streaming.MaxNumTexturesToStreamPerFrame:0]]
[2020.02.25-16.39.17:004][  0]LogConfig: Setting CVar [[r.Streaming.Boost:1]]
[2020.02.25-16.39.17:004][  0]LogConfig: Setting CVar [[r.MaxAnisotropy:8]]
[2020.02.25-16.39.17:004][  0]LogConfig: Setting CVar [[r.Streaming.LimitPoolSizeToVRAM:0]]
[2020.02.25-16.39.17:004][  0]LogConfig: Setting CVar [[r.Streaming.PoolSize:1000]]
[2020.02.25-16.39.17:004][  0]LogConfig: Setting CVar [[r.Streaming.MaxEffectiveScreenSize:0]]
[2020.02.25-16.39.17:004][  0]LogConfig: Applying CVar settings from Section [EffectsQuality@3] File [E:/DieAgainProjects/DieAgain GitHub/DieAgain/DieAgain 4.23/Saved/Config/Windows/Scalability.ini]
[2020.02.25-16.39.17:004][  0]LogConfig: Setting CVar [[r.TranslucencyLightingVolumeDim:64]]
[2020.02.25-16.39.17:004][  0]LogConfig: Setting CVar [[r.RefractionQuality:2]]
[2020.02.25-16.39.17:004][  0]LogConfig: Setting CVar [[r.SSR.Quality:3]]
[2020.02.25-16.39.17:004][  0]LogConfig: Setting CVar [[r.SceneColorFormat:4]]
[2020.02.25-16.39.17:004][  0]LogConfig: Setting CVar [[r.DetailMode:2]]
[2020.02.25-16.39.17:004][  0]LogConfig: Setting CVar [[r.TranslucencyVolumeBlur:1]]
[2020.02.25-16.39.17:004][  0]LogConfig: Setting CVar [[r.MaterialQualityLevel:1 ; High quality]]
[2020.02.25-16.39.17:004][  0]LogConfig: Setting CVar [[r.SSS.Scale:1]]
[2020.02.25-16.39.17:004][  0]LogConfig: Setting CVar [[r.SSS.SampleSet:2]]
[2020.02.25-16.39.17:004][  0]LogConfig: Setting CVar [[r.SSS.Quality:1]]
[2020.02.25-16.39.17:004][  0]LogConfig: Setting CVar [[r.SSS.HalfRes:1]]
[2020.02.25-16.39.17:004][  0]LogConfig: Setting CVar [[r.EmitterSpawnRateScale:1.0]]
[2020.02.25-16.39.17:004][  0]LogConfig: Setting CVar [[r.ParticleLightQuality:2]]
[2020.02.25-16.39.17:004][  0]LogConfig: Applying CVar settings from Section [FoliageQuality@3] File [E:/DieAgainProjects/DieAgain GitHub/DieAgain/DieAgain 4.23/Saved/Config/Windows/Scalability.ini]
[2020.02.25-16.39.17:004][  0]LogConfig: Setting CVar [[foliage.DensityScale:1.0]]
[2020.02.25-16.39.17:004][  0]LogConfig: Setting CVar [[grass.DensityScale:1.0]]
[2020.02.25-16.39.17:004][  0]LogConfig: Applying CVar settings from Section [Startup] File [../../../Engine/Config/ConsoleVariables.ini]
[2020.02.25-16.39.17:012][  0]LogConfig: Setting CVar [[net.UseAdaptiveNetUpdateFrequency:0]]
[2020.02.25-16.39.17:012][  0]LogConfig: Setting CVar [[p.chaos.AllowCreatePhysxBodies:1]]
[2020.02.25-16.39.17:012][  0]LogConfig: Applying CVar settings from Section [ConsoleVariables] File [E:/DieAgainProjects/DieAgain GitHub/DieAgain/DieAgain 4.23/Saved/Config/Windows/Engine.ini]
[2020.02.25-16.39.17:012][  0]LogInit: Computer: ADRIAN-PC
[2020.02.25-16.39.17:012][  0]LogInit: User: Adrian
[2020.02.25-16.39.17:012][  0]LogInit: CPU Page size=4096, Cores=4
[2020.02.25-16.39.17:012][  0]LogInit: High frequency timer resolution =3.312841 MHz
[2020.02.25-16.39.17:012][  0]LogMemory: Memory total: Physical=8.0GB (8GB approx)
[2020.02.25-16.39.17:012][  0]LogMemory: Platform Memory Stats for Windows
[2020.02.25-16.39.17:012][  0]LogMemory: Process Physical Memory: 114.87 MB used, 114.87 MB peak
[2020.02.25-16.39.17:012][  0]LogMemory: Process Virtual Memory: 106.69 MB used, 106.69 MB peak
[2020.02.25-16.39.17:012][  0]LogMemory: Physical Memory: 5183.86 MB used,  2968.84 MB free, 8152.70 MB total
[2020.02.25-16.39.17:012][  0]LogMemory: Virtual Memory: 546.47 MB used,  8388061.50 MB free, 8388608.00 MB total
[2020.02.25-16.39.17:032][  0]LogWindows: WindowsPlatformFeatures enabled
[2020.02.25-16.39.17:271][  0]LogInit: Overriding language with editor language configuration option (en).
[2020.02.25-16.39.17:271][  0]LogInit: Overriding locale with editor locale configuration option (en).
[2020.02.25-16.39.17:747][  0]LogWindows: Failed to load 'shcore.dll' (GetLastError=126)
[2020.02.25-16.39.17:747][  0]LogWindows: File 'shcore.dll' does not exist
[2020.02.25-16.39.17:747][  0]LogInit: Setting process to DPI aware
[2020.02.25-16.39.17:944][  0]LogSlate: New Slate User Created.  User Index 0, Is Virtual User: 0
[2020.02.25-16.39.17:944][  0]LogSlate: Slate User Registered.  User Index 0, Is Virtual User: 0
[2020.02.25-16.39.18:405][  0]LogHMD: Failed to initialize OpenVR with code 110
[2020.02.25-16.39.18:405][  0]LogD3D11RHI: D3D11 adapters:
[2020.02.25-16.39.18:451][  0]LogD3D11RHI:    0. 'NVIDIA GeForce GTX 1050 Ti' (Feature Level 11_0)
[2020.02.25-16.39.18:451][  0]LogD3D11RHI:       3998/0/3820 MB DedicatedVideo/DedicatedSystem/SharedSystem, Outputs:1, VendorId:0x10de
[2020.02.25-16.39.18:451][  0]LogD3D11RHI: Chosen D3D11 Adapter: 0
[2020.02.25-16.39.18:457][  0]LogD3D11RHI: Creating new Direct3DDevice
[2020.02.25-16.39.18:457][  0]LogD3D11RHI:     GPU DeviceId: 0x1c82 (for the marketing name, search the web for "GPU Device Id")
[2020.02.25-16.39.18:457][  0]LogWindows: EnumDisplayDevices:
[2020.02.25-16.39.18:457][  0]LogWindows:    0. 'NVIDIA GeForce GTX 1050 Ti' (P:1 D:1)
[2020.02.25-16.39.18:457][  0]LogWindows:    1. 'NVIDIA GeForce GTX 1050 Ti' (P:0 D:0)
[2020.02.25-16.39.18:457][  0]LogWindows:    2. 'NVIDIA GeForce GTX 1050 Ti' (P:0 D:0)
[2020.02.25-16.39.18:457][  0]LogWindows:    3. 'NVIDIA GeForce GTX 1050 Ti' (P:0 D:0)
[2020.02.25-16.39.18:457][  0]LogWindows:    4. 'RDPDD Chained DD' (P:0 D:0)
[2020.02.25-16.39.18:457][  0]LogWindows:    5. 'RDP Encoder Mirror Driver' (P:0 D:0)
[2020.02.25-16.39.18:458][  0]LogWindows:    6. 'RDP Reflector Display Driver' (P:0 D:0)
[2020.02.25-16.39.18:458][  0]LogWindows: DebugString: GetVideoDriverDetailsInvalid PrimaryIsNotTheChoosenAdapter GetVideoDriverDetailsInvalid PrimaryIsNotTheChoosenAdapter GetVideoDriverDetailsInvalid PrimaryIsNotTheChoosenAdapter FoundDriverCount:4 
[2020.02.25-16.39.18:458][  0]LogD3D11RHI:     Adapter Name: NVIDIA GeForce GTX 1050 Ti
[2020.02.25-16.39.18:458][  0]LogD3D11RHI:   Driver Version: 441.87 (internal:26.21.14.4187, unified:441.87)
[2020.02.25-16.39.18:458][  0]LogD3D11RHI:      Driver Date: 12-24-2019
[2020.02.25-16.39.18:458][  0]LogRHI: Texture pool is 2798 MB (70% of 3998 MB)
[2020.02.25-16.39.18:479][  0]LogD3D11RHI: Async texture creation enabled
[2020.02.25-16.39.18:500][  0]LogD3D11RHI: GPU Timing Frequency: 1000.000000 (Debug: 2 2)
[2020.02.25-16.39.19:356][  0]LogTemp: Display: Module 'AllDesktopTargetPlatform' loaded TargetPlatform 'AllDesktop'
[2020.02.25-16.39.19:369][  0]LogTemp: Display: Module 'MacClientTargetPlatform' loaded TargetPlatform 'MacClient'
[2020.02.25-16.39.19:387][  0]LogTemp: Display: Module 'MacNoEditorTargetPlatform' loaded TargetPlatform 'MacNoEditor'
[2020.02.25-16.39.19:442][  0]LogTemp: Display: Module 'MacServerTargetPlatform' loaded TargetPlatform 'MacServer'
[2020.02.25-16.39.19:468][  0]LogTemp: Display: Module 'MacTargetPlatform' loaded TargetPlatform 'Mac'
[2020.02.25-16.39.19:490][  0]LogTemp: Display: Module 'WindowsClientTargetPlatform' loaded TargetPlatform 'WindowsClient'
[2020.02.25-16.39.19:509][  0]LogTemp: Display: Module 'WindowsNoEditorTargetPlatform' loaded TargetPlatform 'WindowsNoEditor'
[2020.02.25-16.39.19:526][  0]LogTemp: Display: Module 'WindowsServerTargetPlatform' loaded TargetPlatform 'WindowsServer'
[2020.02.25-16.39.19:535][  0]LogTemp: Display: Module 'WindowsTargetPlatform' loaded TargetPlatform 'Windows'
[2020.02.25-16.39.19:581][  0]LogTemp: Display: Module 'AndroidTargetPlatform' loaded TargetPlatform 'Android'
[2020.02.25-16.39.19:581][  0]LogTemp: Display: Module 'AndroidTargetPlatform' loaded TargetPlatform 'Android_ASTC'
[2020.02.25-16.39.19:581][  0]LogTemp: Display: Module 'AndroidTargetPlatform' loaded TargetPlatform 'Android_ATC'
[2020.02.25-16.39.19:581][  0]LogTemp: Display: Module 'AndroidTargetPlatform' loaded TargetPlatform 'Android_DXT'
[2020.02.25-16.39.19:581][  0]LogTemp: Display: Module 'AndroidTargetPlatform' loaded TargetPlatform 'Android_ETC1'
[2020.02.25-16.39.19:581][  0]LogTemp: Display: Module 'AndroidTargetPlatform' loaded TargetPlatform 'Android_ETC1a'
[2020.02.25-16.39.19:581][  0]LogTemp: Display: Module 'AndroidTargetPlatform' loaded TargetPlatform 'Android_ETC2'
[2020.02.25-16.39.19:581][  0]LogTemp: Display: Module 'AndroidTargetPlatform' loaded TargetPlatform 'Android_PVRTC'
[2020.02.25-16.39.19:581][  0]LogTemp: Display: Module 'AndroidTargetPlatform' loaded TargetPlatform 'AndroidClient'
[2020.02.25-16.39.19:581][  0]LogTemp: Display: Module 'AndroidTargetPlatform' loaded TargetPlatform 'Android_ASTCClient'
[2020.02.25-16.39.19:582][  0]LogTemp: Display: Module 'AndroidTargetPlatform' loaded TargetPlatform 'Android_ATCClient'
[2020.02.25-16.39.19:582][  0]LogTemp: Display: Module 'AndroidTargetPlatform' loaded TargetPlatform 'Android_DXTClient'
[2020.02.25-16.39.19:582][  0]LogTemp: Display: Module 'AndroidTargetPlatform' loaded TargetPlatform 'Android_ETC1Client'
[2020.02.25-16.39.19:582][  0]LogTemp: Display: Module 'AndroidTargetPlatform' loaded TargetPlatform 'Android_ETC1aClient'
[2020.02.25-16.39.19:582][  0]LogTemp: Display: Module 'AndroidTargetPlatform' loaded TargetPlatform 'Android_ETC2Client'
[2020.02.25-16.39.19:582][  0]LogTemp: Display: Module 'AndroidTargetPlatform' loaded TargetPlatform 'Android_PVRTCClient'
[2020.02.25-16.39.19:582][  0]LogTemp: Display: Module 'AndroidTargetPlatform' loaded TargetPlatform 'Android_Multi'
[2020.02.25-16.39.19:582][  0]LogTemp: Display: Module 'AndroidTargetPlatform' loaded TargetPlatform 'Android_MultiClient'
[2020.02.25-16.39.19:593][  0]LogTemp: Display: Module 'HTML5TargetPlatform' loaded TargetPlatform 'HTML5'
[2020.02.25-16.39.19:657][  0]LogTemp: Display: Module 'IOSTargetPlatform' loaded TargetPlatform 'IOSClient'
[2020.02.25-16.39.19:657][  0]LogTemp: Display: Module 'IOSTargetPlatform' loaded TargetPlatform 'IOS'
[2020.02.25-16.39.19:732][  0]LogTemp: Display: Module 'TVOSTargetPlatform' loaded TargetPlatform 'TVOSClient'
[2020.02.25-16.39.19:732][  0]LogTemp: Display: Module 'TVOSTargetPlatform' loaded TargetPlatform 'TVOS'
[2020.02.25-16.39.19:754][  0]LogTemp: Display: Module 'LinuxClientTargetPlatform' loaded TargetPlatform 'LinuxClient'
[2020.02.25-16.39.19:770][  0]LogTemp: Display: Module 'LinuxNoEditorTargetPlatform' loaded TargetPlatform 'LinuxNoEditor'
[2020.02.25-16.39.19:777][  0]LogTemp: Display: Module 'LinuxServerTargetPlatform' loaded TargetPlatform 'LinuxServer'
[2020.02.25-16.39.19:786][  0]LogTemp: Display: Module 'LinuxTargetPlatform' loaded TargetPlatform 'Linux'
[2020.02.25-16.39.19:817][  0]LogTemp: Display: Module 'LuminTargetPlatform' loaded TargetPlatform 'Lumin'
[2020.02.25-16.39.19:817][  0]LogTemp: Display: Module 'LuminTargetPlatform' loaded TargetPlatform 'LuminClient'
[2020.02.25-16.39.19:903][  0]LogTargetPlatformManager: Display: Building Assets For Windows
[2020.02.25-16.39.20:016][  0]LogAudioDebug: Display: Lib vorbis DLL was dynamically loaded.
[2020.02.25-16.39.20:304][  0]LogShaderCompilers: Guid format shader working directory is -21 characters bigger than the processId version (../../../../DieAgainProjects/DieAgain GitHub/DieAgain/DieAgain 4.23/Intermediate/Shaders/WorkingDirectory/10012/).
[2020.02.25-16.39.20:304][  0]LogShaderCompilers: Cleaned the shader compiler working directory 'C:/Users/Adrian/AppData/Local/Temp/UnrealShaderWorkingDir/1398E16A42DC54B096482BAF20B84AE2/'.
[2020.02.25-16.39.20:314][  0]LogXGEController: Cleaning working directory: C:/Users/Adrian/AppData/Local/Temp/UnrealXGEWorkingDir/
[2020.02.25-16.39.20:314][  0]LogXGEController: Cannot use XGE Controller as Incredibuild is not installed on this machine.
[2020.02.25-16.39.20:314][  0]LogShaderCompilers: Cannot use XGE Shader Compiler as Incredibuild is not installed on this machine.
[2020.02.25-16.39.20:314][  0]LogShaderCompilers: Display: Using Local Shader Compiler.
[2020.02.25-16.39.21:443][  0]LogDerivedDataCache: Display: Max Cache Size: 512 MB
[2020.02.25-16.39.21:738][  0]LogDerivedDataCache: Loaded boot cache 0.29s 73MB C:/Users/Adrian/AppData/Local/UnrealEngine/4.23/DerivedDataCache/Boot.ddc.
[2020.02.25-16.39.21:738][  0]LogDerivedDataCache: Display: Loaded Boot cache: C:/Users/Adrian/AppData/Local/UnrealEngine/4.23/DerivedDataCache/Boot.ddc
[2020.02.25-16.39.21:738][  0]LogDerivedDataCache: FDerivedDataBackendGraph:  Pak pak cache file ../../../../DieAgainProjects/DieAgain GitHub/DieAgain/DieAgain 4.23/DerivedDataCache/DDC.ddp not found, will not use a pak cache.
[2020.02.25-16.39.21:738][  0]LogDerivedDataCache: Unable to find inner node Pak for hierarchical cache Hierarchy.
[2020.02.25-16.39.21:738][  0]LogDerivedDataCache: FDerivedDataBackendGraph:  CompressedPak pak cache file ../../../../DieAgainProjects/DieAgain GitHub/DieAgain/DieAgain 4.23/DerivedDataCache/Compressed.ddp not found, will not use a pak cache.
[2020.02.25-16.39.21:738][  0]LogDerivedDataCache: Unable to find inner node CompressedPak for hierarchical cache Hierarchy.
[2020.02.25-16.39.21:763][  0]LogDerivedDataCache: Display: Pak cache opened for reading ../../../Engine/DerivedDataCache/Compressed.ddp.
[2020.02.25-16.39.21:763][  0]LogDerivedDataCache: FDerivedDataBackendGraph:  EnterprisePak pak cache file ../../../Enterprise/DerivedDataCache/Compressed.ddp not found, will not use a pak cache.
[2020.02.25-16.39.21:763][  0]LogDerivedDataCache: Unable to find inner node EnterprisePak for hierarchical cache Hierarchy.
[2020.02.25-16.39.21:765][  0]LogDerivedDataCache: Using Local data cache path C:/Users/Adrian/AppData/Local/UnrealEngine/Common/DerivedDataCache: Writable
[2020.02.25-16.39.21:765][  0]LogDerivedDataCache: Shared data cache path not found in *engine.ini, will not use an Shared cache.
[2020.02.25-16.39.21:765][  0]LogDerivedDataCache: Unable to find inner node Shared for hierarchical cache Hierarchy.
[2020.02.25-16.39.21:789][  0]LogMaterial: Verifying Global Shaders for PCD3D_SM5
[2020.02.25-16.39.21:791][  0]LogSlate: Using FreeType 2.6.0
[2020.02.25-16.39.21:829][  0]LogSlate: SlateFontServices - WITH_FREETYPE: 1, WITH_HARFBUZZ: 1
[2020.02.25-16.39.22:304][  0]LogAssetRegistry: FAssetRegistry took 0.0024 seconds to start up
[2020.02.25-16.39.24:921][  0]LogInit: Selected Device Profile: [Windows]
[2020.02.25-16.39.25:219][  0]LogMeshReduction: Using QuadricMeshReduction for automatic static mesh reduction
[2020.02.25-16.39.25:219][  0]LogMeshReduction: Using SimplygonMeshReduction for automatic skeletal mesh reduction
[2020.02.25-16.39.25:219][  0]LogMeshReduction: Using ProxyLODMeshReduction for automatic mesh merging
[2020.02.25-16.39.25:219][  0]LogMeshReduction: No distributed automatic mesh merging module available
[2020.02.25-16.39.25:219][  0]LogMeshMerging: No distributed automatic mesh merging module available
[2020.02.25-16.39.25:229][  0]LogNetVersion: DieAgain 1.0.0, NetCL: 8386587, EngineNetVer: 11, GameNetVer: 0 (Checksum: 3588390804)
[2020.02.25-16.39.25:698][  0]LogPackageLocalizationCache: Processed 14 localized package path(s) for 1 prioritized culture(s) in 0.044783 seconds
[2020.02.25-16.39.25:707][  0]LogUObjectArray: 43444 objects as part of root set at end of initial load.
[2020.02.25-16.39.25:707][  0]LogUObjectAllocator: 7548648 out of 0 bytes used by permanent object pool.
[2020.02.25-16.39.25:707][  0]LogUObjectArray: CloseDisregardForGC: 0/0 objects in disregard for GC pool
[2020.02.25-16.39.28:918][  0]LogFMOD: FFMODStudioModule startup
[2020.02.25-16.39.28:918][  0]LogFMOD:  Lib path = '../../../Engine/Plugins/FMODStudio/Binaries'
[2020.02.25-16.39.28:918][  0]LogFMOD: FFMODStudioModule::LoadDll: Loading ../../../Engine/Plugins/FMODStudio/Binaries/Win64/fmodL.dll
[2020.02.25-16.39.28:951][  0]LogFMOD: FFMODStudioModule::LoadDll: Loading ../../../Engine/Plugins/FMODStudio/Binaries/Win64/fmodstudioL.dll
[2020.02.25-16.39.28:992][  0]LogFMOD: Loading strings bank: ../../../../DieAgainProjects/DieAgain GitHub/DieAgain/DieAgain 4.23/Content/FMOD/Desktop/Master.strings.bank
[2020.02.25-16.39.28:993][  0]LogFMOD: Constructing asset: /Game/FMOD/Banks/Master
[2020.02.25-16.39.28:993][  0]LogFMOD: Constructing asset: /Game/FMOD/Events/Sounds/LevelsMusic/Prototype/TestBattleMusic
[2020.02.25-16.39.28:993][  0]LogFMOD: Constructing asset: /Game/FMOD/Buses/Reverb
[2020.02.25-16.39.28:993][  0]LogFMOD: Constructing asset: /Game/FMOD/Events/Sounds/Dog/DogSound1
[2020.02.25-16.39.28:993][  0]LogFMOD: Constructing asset: /Game/FMOD/Events/Sounds/Knife/KnifeShoot
[2020.02.25-16.39.28:993][  0]LogFMOD: Constructing asset: /Game/FMOD/Events/Sounds/LevelsMusic/WalkMap/WalkMapMusic
[2020.02.25-16.39.28:993][  0]LogFMOD: Constructing asset: /Game/FMOD/Events/Sounds/Rifle/RifleShoot
[2020.02.25-16.39.28:993][  0]LogFMOD: Constructing asset: /Game/FMOD/Events/Sounds/Dog/DogSound2
[2020.02.25-16.39.28:993][  0]LogFMOD: Skipping asset: bank:/Master.strings
[2020.02.25-16.39.28:993][  0]LogFMOD: Constructing asset: /Game/FMOD/Events/Sounds/Sniper/SniperShoot
[2020.02.25-16.39.28:993][  0]LogFMOD: Constructing asset: /Game/FMOD/Events/Sounds/Rifle/RifleEnemyShoot
[2020.02.25-16.39.28:993][  0]LogFMOD: Constructing asset: /Game/FMOD/Events/Sounds/Shotgun/ShotgunShootNoBump1
[2020.02.25-16.39.28:993][  0]LogFMOD: Constructing asset: /Game/FMOD/Events/Sounds/Shotgun/ShotgunShoot
[2020.02.25-16.39.28:993][  0]LogFMOD: Skipping asset: bus:/
[2020.02.25-16.39.28:993][  0]LogFMOD: Constructing asset: /Game/FMOD/Events/Sounds/Missile/MissileExplosion1
[2020.02.25-16.39.28:995][  0]LogFMOD: Default sample rate = 48000
[2020.02.25-16.39.28:995][  0]LogFMOD: System sample rate = 44100
[2020.02.25-16.39.28:995][  0]LogFMOD: Matching system sample rate 44100
[2020.02.25-16.39.29:009][  0]LogFMOD: Default sample rate = 48000
[2020.02.25-16.39.29:009][  0]LogFMOD: System sample rate = 44100
[2020.02.25-16.39.29:009][  0]LogFMOD: Matching system sample rate 44100
[2020.02.25-16.39.29:168][  0]LogTcpMessaging: Initializing TcpMessaging bridge
[2020.02.25-16.39.29:187][  0]LogUdpMessaging: Initializing bridge on interface 0.0.0.0:0 to multicast group 230.0.0.1:6666.
[2020.02.25-16.39.29:559][  0]SourceControl: Source control is disabled
[2020.02.25-16.39.29:559][  0]SourceControl: Source control is disabled
[2020.02.25-16.39.29:582][  0]SourceControl: Source control is disabled
[2020.02.25-16.39.29:589][  0]SourceControl: Source control is disabled
[2020.02.25-16.39.30:061][  0]LogFMOD: FFMODStudioEditorModule startup
[2020.02.25-16.39.30:381][  0]LogAndroidPermission: UAndroidPermissionCallbackProxy::GetInstance
[2020.02.25-16.39.30:659][  0]LogOcInput: OculusInput pre-init called
[2020.02.25-16.39.30:691][  0]LogWindows: Failed to load 'OVRPlugin.dll' (GetLastError=126)
[2020.02.25-16.39.30:691][  0]LogWindows: File 'OVRPlugin.dll' does not exist
[2020.02.25-16.39.30:869][  0]LogEngine: Initializing Engine...
[2020.02.25-16.39.30:869][  0]LogHMD: Failed to initialize OpenVR with code 110
[2020.02.25-16.39.30:871][  0]LogStats: UGameplayTagsManager::InitializeManager -  0.000 s
[2020.02.25-16.39.31:177][  0]LogInit: Initializing FReadOnlyCVARCache
[2020.02.25-16.39.31:225][  0]LogAIModule: Creating AISystem for world Untitled
[2020.02.25-16.39.31:236][  0]LogInit: XAudio2 using 'Altavoces (Dispositivo de High Definition Audio)' : 2 channels at 44.1 kHz using 16 bits per sample (channel mask 0x3)
[2020.02.25-16.39.31:243][  0]LogInit: FAudioDevice initialized.
[2020.02.25-16.39.31:243][  0]LogNetVersion: Set ProjectVersion to 1.0.0.0. Version Checksum will be recalculated on next use.
[2020.02.25-16.39.31:328][  0]LogDerivedDataCache: Saved boot cache 0.08s 73MB C:/Users/Adrian/AppData/Local/UnrealEngine/4.23/DerivedDataCache/Boot.ddc.
[2020.02.25-16.39.31:333][  0]LogInit: Texture streaming: Enabled
[2020.02.25-16.39.31:380][  0]LogEngineSessionManager: EngineSessionManager initialized
[2020.02.25-16.39.31:380][  0]LogEditorSessionSummary: Verbose: Initializing EditorSessionSummaryWriter for editor session tracking
[2020.02.25-16.39.31:382][  0]LogEditorSessionSummary: EditorSessionSummaryWriter initialized
[2020.02.25-16.39.31:522][  0]LogInit: Transaction tracking system initialized
[2020.02.25-16.39.31:786][  0]BlueprintLog: New page: Editor Load
[2020.02.25-16.39.32:156][  0]LocalizationService: Localization service is disabled
[2020.02.25-16.39.33:219][  0]LogCook: Display: Max memory allowance for cook 16384mb min free memory 0mb
[2020.02.25-16.39.33:219][  0]LogCook: Display: Mobile HDR setting 1
[2020.02.25-16.39.33:659][  0]LogFileCache: Scanning file cache for directory 'E:/DieAgainProjects/DieAgain GitHub/DieAgain/DieAgain 4.23/Content/' took 0.07s
[2020.02.25-16.39.35:051][  0]SourceControl: Source control is disabled
[2020.02.25-16.39.35:051][  0]Cmd: MAP LOAD FILE="../../../../DieAgainProjects/DieAgain GitHub/DieAgain/DieAgain 4.23/Content/ThirdPersonBP/Maps/ThirdPersonExampleMap.umap" TEMPLATE=0 SHOWPROGRESS=1 FEATURELEVEL=3
[2020.02.25-16.39.35:051][  0]LightingResults: New page: Lighting Build
[2020.02.25-16.39.35:079][  0]LogWorld: UWorld::CleanupWorld for Untitled, bSessionEnded=true, bCleanupResources=true
[2020.02.25-16.39.35:079][  0]MapCheck: New page: Map Check
[2020.02.25-16.39.35:079][  0]LightingResults: New page: Lighting Build
[2020.02.25-16.39.35:118][  0]LogUObjectHash: Compacting FUObjectHashTables data took   2.20ms
[2020.02.25-16.39.44:844][  0]LogAIModule: Creating AISystem for world ThirdPersonExampleMap
[2020.02.25-16.39.44:850][  0]LogMaterial: Display: Material /Game/StarterContent/Materials/M_Glass.M_Glass needed to have new flag set bUsedWithSkeletalMesh !
[2020.02.25-16.39.44:863][  0]LogMaterial: Display: Missing cached shader map for material M_Glass, compiling. 
[2020.02.25-16.39.45:012][  0]MapCheck: Warning: M_Glass Material /Game/StarterContent/Materials/M_Glass.M_Glass was missing the usage flag bUsedWithSkeletalMesh. If the material asset is not re-saved, it may not render correctly when run outside the editor. Fix
[2020.02.25-16.39.45:093][  0]LogShaderCompilers: Display: Worker (1/5): shaders left to compile 132
[2020.02.25-16.39.45:093][  0]LogShaderCompilers: Display: Worker (2/5): shaders left to compile 122
[2020.02.25-16.39.45:093][  0]LogShaderCompilers: Display: Worker (3/5): shaders left to compile 112
[2020.02.25-16.39.45:093][  0]LogShaderCompilers: Display: Worker (4/5): shaders left to compile 102
[2020.02.25-16.39.45:093][  0]LogShaderCompilers: Display: Worker (5/5): shaders left to compile 92
[2020.02.25-16.39.45:093][  0]LogScript: Warning: Attempted to access TRASH_ChildActorComponent_9 via property HandWeapon, but TRASH_ChildActorComponent_9 is pending kill
	AnimBP_Shooting_C /Game/ThirdPersonBP/Maps/ThirdPersonExampleMap.ThirdPersonExampleMap:PersistentLevel.EnemyShootingCh11.SkeletalMesh.AnimBP_Shooting_C_0
	Function /Game/Art/Enemies/AnimationTree_Shooting/AnimBP_Shooting.AnimBP_Shooting_C:ExecuteUbergraph_AnimBP_Shooting:017C
[2020.02.25-16.39.45:102][  0]LogScript: Warning: Attempted to access TRASH_ChildActorComponent_9 via property HandWeapon, but TRASH_ChildActorComponent_9 is pending kill
	AnimBP_Shooting_C /Game/ThirdPersonBP/Maps/ThirdPersonExampleMap.ThirdPersonExampleMap:PersistentLevel.EnemyShootingCh12.SkeletalMesh.AnimBP_Shooting_C_0
	Function /Game/Art/Enemies/AnimationTree_Shooting/AnimBP_Shooting.AnimBP_Shooting_C:ExecuteUbergraph_AnimBP_Shooting:017C
[2020.02.25-16.39.45:109][  0]LogScript: Warning: Attempted to access TRASH_ChildActorComponent_9 via property HandWeapon, but TRASH_ChildActorComponent_9 is pending kill
	AnimBP_Shooting_C /Game/ThirdPersonBP/Maps/ThirdPersonExampleMap.ThirdPersonExampleMap:PersistentLevel.EnemyShootingCh13.SkeletalMesh.AnimBP_Shooting_C_0
	Function /Game/Art/Enemies/AnimationTree_Shooting/AnimBP_Shooting.AnimBP_Shooting_C:ExecuteUbergraph_AnimBP_Shooting:017C
[2020.02.25-16.39.45:118][  0]LogScript: Warning: Attempted to access TRASH_ChildActorComponent_9 via property HandWeapon, but TRASH_ChildActorComponent_9 is pending kill
	AnimBP_Shooting_C /Game/ThirdPersonBP/Maps/ThirdPersonExampleMap.ThirdPersonExampleMap:PersistentLevel.EnemyShootingCh14.SkeletalMesh.AnimBP_Shooting_C_0
	Function /Game/Art/Enemies/AnimationTree_Shooting/AnimBP_Shooting.AnimBP_Shooting_C:ExecuteUbergraph_AnimBP_Shooting:017C
[2020.02.25-16.39.45:127][  0]LogScript: Warning: Attempted to access TRASH_ChildActorComponent_9 via property HandWeapon, but TRASH_ChildActorComponent_9 is pending kill
	AnimBP_Shooting_C /Game/ThirdPersonBP/Maps/ThirdPersonExampleMap.ThirdPersonExampleMap:PersistentLevel.EnemyShootingCh15.SkeletalMesh.AnimBP_Shooting_C_0
	Function /Game/Art/Enemies/AnimationTree_Shooting/AnimBP_Shooting.AnimBP_Shooting_C:ExecuteUbergraph_AnimBP_Shooting:017C
[2020.02.25-16.39.45:136][  0]LogScript: Warning: Attempted to access TRASH_ChildActorComponent_9 via property HandWeapon, but TRASH_ChildActorComponent_9 is pending kill
	AnimBP_Shooting_C /Game/ThirdPersonBP/Maps/ThirdPersonExampleMap.ThirdPersonExampleMap:PersistentLevel.EnemyShootingCh16.SkeletalMesh.AnimBP_Shooting_C_0
	Function /Game/Art/Enemies/AnimationTree_Shooting/AnimBP_Shooting.AnimBP_Shooting_C:ExecuteUbergraph_AnimBP_Shooting:017C
[2020.02.25-16.39.45:146][  0]LogScript: Warning: Attempted to access TRASH_ChildActorComponent_9 via property HandWeapon, but TRASH_ChildActorComponent_9 is pending kill
	AnimBP_Shooting_C /Game/ThirdPersonBP/Maps/ThirdPersonExampleMap.ThirdPersonExampleMap:PersistentLevel.EnemyShootingCh17.SkeletalMesh.AnimBP_Shooting_C_0
	Function /Game/Art/Enemies/AnimationTree_Shooting/AnimBP_Shooting.AnimBP_Shooting_C:ExecuteUbergraph_AnimBP_Shooting:017C
[2020.02.25-16.39.45:155][  0]LogScript: Warning: Attempted to access TRASH_ChildActorComponent_9 via property HandWeapon, but TRASH_ChildActorComponent_9 is pending kill
	AnimBP_Shooting_C /Game/ThirdPersonBP/Maps/ThirdPersonExampleMap.ThirdPersonExampleMap:PersistentLevel.EnemyShootingCh18.SkeletalMesh.AnimBP_Shooting_C_0
	Function /Game/Art/Enemies/AnimationTree_Shooting/AnimBP_Shooting.AnimBP_Shooting_C:ExecuteUbergraph_AnimBP_Shooting:017C
[2020.02.25-16.39.45:165][  0]LogScript: Warning: Attempted to access TRASH_ChildActorComponent_9 via property HandWeapon, but TRASH_ChildActorComponent_9 is pending kill
	AnimBP_Shooting_C /Game/ThirdPersonBP/Maps/ThirdPersonExampleMap.ThirdPersonExampleMap:PersistentLevel.EnemyShootingCh19.SkeletalMesh.AnimBP_Shooting_C_0
	Function /Game/Art/Enemies/AnimationTree_Shooting/AnimBP_Shooting.AnimBP_Shooting_C:ExecuteUbergraph_AnimBP_Shooting:017C
[2020.02.25-16.39.45:174][  0]LogScript: Warning: Attempted to access TRASH_ChildActorComponent_9 via property HandWeapon, but TRASH_ChildActorComponent_9 is pending kill
	AnimBP_Shooting_C /Game/ThirdPersonBP/Maps/ThirdPersonExampleMap.ThirdPersonExampleMap:PersistentLevel.EnemyShootingCh20.SkeletalMesh.AnimBP_Shooting_C_0
	Function /Game/Art/Enemies/AnimationTree_Shooting/AnimBP_Shooting.AnimBP_Shooting_C:ExecuteUbergraph_AnimBP_Shooting:017C
[2020.02.25-16.39.45:186][  0]LogScript: Warning: Attempted to access TRASH_ChildActorComponent_9 via property HandWeapon, but TRASH_ChildActorComponent_9 is pending kill
	AnimBP_Shooting_C /Game/ThirdPersonBP/Maps/ThirdPersonExampleMap.ThirdPersonExampleMap:PersistentLevel.EnemyShootingCh5_4.SkeletalMesh.AnimBP_Shooting_C_0
	Function /Game/Art/Enemies/AnimationTree_Shooting/AnimBP_Shooting.AnimBP_Shooting_C:ExecuteUbergraph_AnimBP_Shooting:017C
[2020.02.25-16.39.45:194][  0]LogScript: Warning: Attempted to access TRASH_ChildActorComponent_9 via property HandWeapon, but TRASH_ChildActorComponent_9 is pending kill
	AnimBP_Shooting_C /Game/ThirdPersonBP/Maps/ThirdPersonExampleMap.ThirdPersonExampleMap:PersistentLevel.EnemyShootingCh6.SkeletalMesh.AnimBP_Shooting_C_0
	Function /Game/Art/Enemies/AnimationTree_Shooting/AnimBP_Shooting.AnimBP_Shooting_C:ExecuteUbergraph_AnimBP_Shooting:017C
[2020.02.25-16.39.45:202][  0]LogScript: Warning: Attempted to access TRASH_ChildActorComponent_9 via property HandWeapon, but TRASH_ChildActorComponent_9 is pending kill
	AnimBP_Shooting_C /Game/ThirdPersonBP/Maps/ThirdPersonExampleMap.ThirdPersonExampleMap:PersistentLevel.EnemyShootingCh8.SkeletalMesh.AnimBP_Shooting_C_0
	Function /Game/Art/Enemies/AnimationTree_Shooting/AnimBP_Shooting.AnimBP_Shooting_C:ExecuteUbergraph_AnimBP_Shooting:017C
[2020.02.25-16.39.45:215][  0]LogEditorServer: Finished looking for orphan Actors (0.000 secs)
[2020.02.25-16.39.45:303][  0]LogUObjectHash: Compacting FUObjectHashTables data took   5.42ms
[2020.02.25-16.39.45:303][  0]Cmd: MAP CHECKDEP NOCLEARLOG
[2020.02.25-16.39.45:303][  0]MapCheck: Map check complete: 0 Error(s), 1 Warning(s), took 0.104ms to complete.
[2020.02.25-16.39.45:306][  0]LogFileHelpers: Loading map 'ThirdPersonExampleMap' took 10.255
[2020.02.25-16.39.45:547][  0]LogSlate: Updating window title bar state: overlay mode, drag disabled, window buttons hidden, title bar hidden
[2020.02.25-16.39.45:557][  0]LogSlate: Updating window title bar state: overlay mode, drag disabled, window buttons hidden, title bar hidden
[2020.02.25-16.39.45:568][  0]LogSlate: Updating window title bar state: overlay mode, drag disabled, window buttons hidden, title bar hidden
[2020.02.25-16.39.45:579][  0]LogSlate: Updating window title bar state: overlay mode, drag disabled, window buttons hidden, title bar hidden
[2020.02.25-16.39.45:600][  0]LogCollectionManager: Loaded 0 collections in 0.002243 seconds
[2020.02.25-16.39.45:651][  0]LogFileCache: Scanning file cache for directory 'E:/DieAgainProjects/DieAgain GitHub/DieAgain/DieAgain 4.23/Saved/Collections/' took 0.00s
[2020.02.25-16.39.45:651][  0]LogFileCache: Scanning file cache for directory 'E:/DieAgainProjects/DieAgain GitHub/DieAgain/DieAgain 4.23/Content/Developers/Adrian/Collections/' took 0.00s
[2020.02.25-16.39.45:651][  0]LogFileCache: Scanning file cache for directory 'E:/DieAgainProjects/DieAgain GitHub/DieAgain/DieAgain 4.23/Content/Collections/' took 0.00s
[2020.02.25-16.39.45:651][  0]LogCollectionManager: Rebuilt the GUID cache for 0 collections in 0.000002 seconds
[2020.02.25-16.39.45:667][  0]LogContentBrowser: Native class hierarchy populated in 0.0159 seconds. Added 2895 classes and 697 folders.
[2020.02.25-16.39.45:725][  0]LogContentBrowser: Native class hierarchy updated for 'WidgetCarousel' in 0.0003 seconds. Added 0 classes and 0 folders.
[2020.02.25-16.39.46:559][  0]LogContentBrowser: Native class hierarchy updated for 'AddContentDialog' in 0.0005 seconds. Added 0 classes and 0 folders.
[2020.02.25-16.39.46:613][  0]LogContentBrowser: Native class hierarchy updated for 'SceneOutliner' in 0.0004 seconds. Added 1 classes and 2 folders.
[2020.02.25-16.39.47:183][  0]LogSlate: Took 0.015779 seconds to synchronously load lazily loaded font '../../../Engine/Content/Slate/Fonts/Roboto-Regular.ttf' (155K)
[2020.02.25-16.39.47:194][  0]LogSlate: Took 0.008191 seconds to synchronously load lazily loaded font '../../../Engine/Content/Slate/Fonts/Roboto-Bold.ttf' (160K)
[2020.02.25-16.39.47:212][  0]LogSlate: Took 0.009035 seconds to synchronously load lazily loaded font '../../../Engine/Content/Editor/Slate/Fonts/FontAwesome.ttf' (139K)
[2020.02.25-16.39.47:381][  0]LogRenderer: Reallocating scene render targets to support 1128x612 Format 10 NumSamples 1 (Frame:1).
[2020.02.25-16.39.47:549][  0]LogSlate: Took 0.001354 seconds to synchronously load lazily loaded font '../../../Engine/Content/Slate/Fonts/Roboto-Light.ttf' (167K)
[2020.02.25-16.39.47:702][  0]LogContentBrowser: Native class hierarchy updated for 'HierarchicalLODOutliner' in 0.0005 seconds. Added 0 classes and 0 folders.
[2020.02.25-16.39.47:702][  0]LogLoad: (Engine Initialization) Total time: 38.59 seconds
[2020.02.25-16.39.47:702][  0]LogLoad: (Engine Initialization) Total Blueprint compile time: 0.00 seconds
[2020.02.25-16.39.47:818][  0]LogContentStreaming: Texture pool size now 1000 MB
[2020.02.25-16.39.47:915][  1]LogFMOD: File has changed: ../../../../DieAgainProjects/DieAgain GitHub/DieAgain/DieAgain 4.23/Content/FMOD/Desktop/Master.strings.bank
[2020.02.25-16.39.48:021][  1]LogFMOD: Loading strings bank: ../../../../DieAgainProjects/DieAgain GitHub/DieAgain/DieAgain 4.23/Content/FMOD/Desktop/Master.strings.bank
[2020.02.25-16.39.48:022][  1]LogFMOD: Skipping asset: bank:/Master.strings
[2020.02.25-16.39.48:022][  1]LogFMOD: Skipping asset: bus:/
[2020.02.25-16.39.48:024][  1]LogFMOD: Default sample rate = 48000
[2020.02.25-16.39.48:024][  1]LogFMOD: System sample rate = 44100
[2020.02.25-16.39.48:024][  1]LogFMOD: Matching system sample rate 44100
[2020.02.25-16.39.48:180][  1]LogFMOD: Default sample rate = 48000
[2020.02.25-16.39.48:180][  1]LogFMOD: System sample rate = 44100
[2020.02.25-16.39.48:181][  1]LogFMOD: Matching system sample rate 44100
[2020.02.25-16.39.48:908][  8]LogSlate: Took 0.000303 seconds to synchronously load lazily loaded font '../../../Engine/Content/Slate/Fonts/Roboto-Light.ttf' (167K)
[2020.02.25-16.39.49:080][ 10]LogShaderCompilers: Display: Worker (1/5): shaders left to compile 82
[2020.02.25-16.39.52:630][ 53]LogShaderCompilers: Display: Worker (1/5): shaders left to compile 72
[2020.02.25-16.39.53:272][ 59]LogFileCache: Retrieving MD5 hashes for directory 'E:/DieAgainProjects/DieAgain GitHub/DieAgain/DieAgain 4.23/Content/' took 5.53s
[2020.02.25-16.39.55:920][ 95]LogAssetRegistry: Asset discovery search completed in 33.6156 seconds
[2020.02.25-16.39.55:930][ 95]LogCollectionManager: Rebuilt the object cache for 0 collections in 0.000008 seconds (found 0 objects)
[2020.02.25-16.39.55:930][ 95]LogCollectionManager: Fixed up redirectors for 0 collections in 0.000100 seconds (updated 0 objects)
[2020.02.25-16.40.07:426][547]LogShaderCompilers: Display: Worker (3/5): shaders left to compile 62
[2020.02.25-16.40.07:762][558]LogShaderCompilers: Display: Worker (1/5): shaders left to compile 52
[2020.02.25-16.40.07:879][564]LogShaderCompilers: Display: Worker (2/5): shaders left to compile 42
[2020.02.25-16.40.10:561][694]LogShaderCompilers: Display: Worker (2/5): shaders left to compile 32
[2020.02.25-16.40.13:416][837]LogShaderCompilers: Display: Worker (4/5): shaders left to compile 23
[2020.02.25-16.40.23:643][279]LogSlate: FSceneViewport::OnFocusLost() reason 0
[2020.02.25-16.40.24:777][323]LogSlate: FSceneViewport::OnFocusLost() reason 0
[2020.02.25-16.40.25:079][341]LogShaderCompilers: Display: Worker (2/5): shaders left to compile 17
[2020.02.25-16.40.27:928][461]LogShaderCompilers: Display: Worker (1/5): shaders left to compile 12
[2020.02.25-16.40.28:768][496]LogShaderCompilers: Display: Worker (4/5): shaders left to compile 8
[2020.02.25-16.40.28:847][499]LogAssetEditorManager: Opening Asset editor for WidgetBlueprint /Game/HUD/GameOverHUD/HUD.HUD
[2020.02.25-16.40.29:669][499]LogContentBrowser: Native class hierarchy updated for 'BlueprintGraph' in 0.0015 seconds. Added 121 classes and 0 folders.
[2020.02.25-16.40.32:895][499]LogShaderCompilers: Display: Worker (3/5): shaders left to compile 5
[2020.02.25-16.40.32:895][499]LogShaderCompilers: Display: Worker (3/5): shaders left to compile 3
[2020.02.25-16.40.34:118][499]LogShaderCompilers: Display: Worker (3/5): shaders left to compile 2
[2020.02.25-16.40.34:118][499]LogShaderCompilers: Display: Worker (3/5): shaders left to compile 1
[2020.02.25-16.40.34:118][499]LogSlate: Took 0.053769 seconds to synchronously load lazily loaded font '../../../Engine/Content/Slate/Fonts/Roboto-BoldCondensed.ttf' (158K)
[2020.02.25-16.41.51:522][925]BlueprintLog: New page: Compile HUD
[2020.02.25-16.41.51:661][925]LogUObjectHash: Compacting FUObjectHashTables data took   7.67ms
[2020.02.25-16.41.52:095][966]Cmd: OBJ SAVEPACKAGE PACKAGE="/Game/HUD/GameOverHUD/HUD" FILE="../../../../DieAgainProjects/DieAgain GitHub/DieAgain/DieAgain 4.23/Content/HUD/GameOverHUD/HUD.uasset" SILENT=true
[2020.02.25-16.41.52:218][966]LogSavePackage: Moving '../../../../DieAgainProjects/DieAgain GitHub/DieAgain/DieAgain 4.23/Saved/HUD075FFBE440736E6B2B9EBE81227381D1.tmp' to '../../../../DieAgainProjects/DieAgain GitHub/DieAgain/DieAgain 4.23/Content/HUD/GameOverHUD/HUD.uasset'
