  Cleaning DieAgainEditor and UnrealHeaderTool binaries...
  Using 'git status' to determine working set for adaptive non-unity build (E:\DieAgainProjects\DieAgain GitHub\DieAgain).
  Creating makefile for DieAgainEditor (no existing makefile)
  Parsing headers for DieAgainEditor
    Running UnrealHeaderTool "E:\DieAgainProjects\DieAgain GitHub\DieAgain\DieAgain 4.26\DieAgain.uproject" "E:\DieAgainProjects\DieAgain GitHub\DieAgain\DieAgain 4.26\Intermediate\Build\Win64\DieAgainEditor\Development\DieAgainEditor.uhtmanifest" -LogCmds="loginit warning, logexit warning, logdatabase error" -Unattended -WarningsAsErrors -abslog="C:\Users\Adrian\AppData\Local\UnrealBuildTool\Log_UHT.txt" -installed
LogPluginManager : warning : Plugin 'NorthernFront' exists at '../../../../DieAgainProjects/DieAgain GitHub/DieAgain/DieAgain 4.26/Plugins/NorthernFront/NorthernFront.uplugin' and '../../../../DieAgainProjects/DieAgain GitHub/DieAgain/DieAgain 4.26/Plugins/NorthernFront/Saved/StagedBuilds/WindowsNoEditor/DieAgain/Plugins/NorthernFront/NorthernFront.uplugin' - second location will be ignored
  Reflection code generated for DieAgainEditor in 54,5046929 seconds
  Building DieAgainEditor...
  Using Visual Studio 2017 14.16.27039 toolchain (E:\Archivos de programa (x86)\Microsoft Visual Studio\2017\Community\VC\Tools\MSVC\14.16.27023) and Windows 10.0.16299.0 SDK (C:\Program Files (x86)\Windows Kits\10).
  [Upgrade]
  [Upgrade] Using backward-compatible build settings. The latest version of UE4 sets the following values by default, which may require code changes:
  [Upgrade]     bLegacyPublicIncludePaths = false                 => Omits subfolders from public include paths to reduce compiler command line length. (Previously: true).
  [Upgrade]     ShadowVariableWarningLevel = WarningLevel.Error   => Treats shadowed variable warnings as errors. (Previously: WarningLevel.Warning).
  [Upgrade]     PCHUsage = PCHUsageMode.UseExplicitOrSharedPCHs   => Set in build.cs files to enables IWYU-style PCH model. See https://docs.unrealengine.com/en-US/Programming/BuildTools/UnrealBuildTool/IWYU/index.html. (Previously: PCHUsageMode.UseSharedPCHs).
  [Upgrade] Suppress this message by setting 'DefaultBuildSettings = BuildSettingsVersion.V2;' in DieAgainEditor.Target.cs, and explicitly overriding settings that differ from the new defaults.
  [Upgrade]
  Building 27 actions with 8 processes...
    [1/27] Default.rc2
    [2/27] Default.rc2
    [3/27] Default.rc2
    [4/27] SharedPCH.UnrealEd.cpp
    [5/27] SharedPCH.Engine.cpp
    [6/27] MyClass.cpp
    [7/27] SteamCustomNodes.cpp
    [8/27] MeshMergeFunctionLibrary.cpp
    [9/27] DieAgain.cpp
    [10/27] DieAgain.init.gen.cpp
    [11/27] TestActor.gen.cpp
    [12/27] DLCLoader.gen.cpp
    [13/27] NorthernFront_ActivateDLC.cpp
    [14/27] TestActor.cpp
    [15/27] DLCLoader.cpp
    [16/27] NorthernFront_ActivateDLC.gen.cpp
    [17/27] UE4Editor-DieAgain.lib
       Creating library E:\DieAgainProjects\DieAgain GitHub\DieAgain\DieAgain 4.26\Intermediate\Build\Win64\UE4Editor\Development\DieAgain\UE4Editor-DieAgain.lib and object E:\DieAgainProjects\DieAgain GitHub\DieAgain\DieAgain 4.26\Intermediate\Build\Win64\UE4Editor\Development\DieAgain\UE4Editor-DieAgain.exp
    [18/27] UE4Editor-DieAgain.dll
       Creating library E:\DieAgainProjects\DieAgain GitHub\DieAgain\DieAgain 4.26\Intermediate\Build\Win64\UE4Editor\Development\DieAgain\UE4Editor-DieAgain.suppressed.lib and object E:\DieAgainProjects\DieAgain GitHub\DieAgain\DieAgain 4.26\Intermediate\Build\Win64\UE4Editor\Development\DieAgain\UE4Editor-DieAgain.suppressed.exp
    [19/27] Module.DialoguePlugin.gen.cpp
    [20/27] Module.DialoguePlugin.cpp
    [21/27] UE4Editor-DialoguePlugin.lib
       Creating library E:\DieAgainProjects\DieAgain GitHub\DieAgain\DieAgain 4.26\Plugins\DialoguePlugin\Intermediate\Build\Win64\UE4Editor\Development\DialoguePlugin\UE4Editor-DialoguePlugin.lib and object E:\DieAgainProjects\DieAgain GitHub\DieAgain\DieAgain 4.26\Plugins\DialoguePlugin\Intermediate\Build\Win64\UE4Editor\Development\DialoguePlugin\UE4Editor-DialoguePlugin.exp
    [22/27] UE4Editor-DialoguePlugin.dll
       Creating library E:\DieAgainProjects\DieAgain GitHub\DieAgain\DieAgain 4.26\Plugins\DialoguePlugin\Intermediate\Build\Win64\UE4Editor\Development\DialoguePlugin\UE4Editor-DialoguePlugin.suppressed.lib and object E:\DieAgainProjects\DieAgain GitHub\DieAgain\DieAgain 4.26\Plugins\DialoguePlugin\Intermediate\Build\Win64\UE4Editor\Development\DialoguePlugin\UE4Editor-DialoguePlugin.suppressed.exp
    [23/27] Module.DialoguePluginEditor.gen.cpp
    [24/27] Module.DialoguePluginEditor.cpp
    [25/27] UE4Editor-DialoguePluginEditor.lib
       Creating library E:\DieAgainProjects\DieAgain GitHub\DieAgain\DieAgain 4.26\Plugins\DialoguePlugin\Intermediate\Build\Win64\UE4Editor\Development\DialoguePluginEditor\UE4Editor-DialoguePluginEditor.lib and object E:\DieAgainProjects\DieAgain GitHub\DieAgain\DieAgain 4.26\Plugins\DialoguePlugin\Intermediate\Build\Win64\UE4Editor\Development\DialoguePluginEditor\UE4Editor-DialoguePluginEditor.exp
    [26/27] UE4Editor-DialoguePluginEditor.dll
       Creating library E:\DieAgainProjects\DieAgain GitHub\DieAgain\DieAgain 4.26\Plugins\DialoguePlugin\Intermediate\Build\Win64\UE4Editor\Development\DialoguePluginEditor\UE4Editor-DialoguePluginEditor.suppressed.lib and object E:\DieAgainProjects\DieAgain GitHub\DieAgain\DieAgain 4.26\Plugins\DialoguePlugin\Intermediate\Build\Win64\UE4Editor\Development\DialoguePluginEditor\UE4Editor-DialoguePluginEditor.suppressed.exp
    [27/27] DieAgainEditor.target
  Total time in Parallel executor: 744,03 seconds
  Total execution time: 848,12 seconds
